{"meta": {"format": 3, "version": "7.10.7", "timestamp": "2026-01-17T11:11:32.205317", "branch_coverage": false, "show_contexts": false}, "files": {"function_app/__init__.py": {"executed_lines": [1], "summary": {"covered_lines": 0, "num_statements": 0, "percent_covered": 100.0, "percent_covered_display": "100", "missing_lines": 0, "excluded_lines": 0}, "missing_lines": [], "excluded_lines": [], "functions": {"": {"executed_lines": [1], "summary": {"covered_lines": 0, "num_statements": 0, "percent_covered": 100.0, "percent_covered_display": "100", "missing_lines": 0, "excluded_lines": 0}, "missing_lines": [], "excluded_lines": []}}, "classes": {"": {"executed_lines": [1], "summary": {"covered_lines": 0, "num_statements": 0, "percent_covered": 100.0, "percent_covered_display": "100", "missing_lines": 0, "excluded_lines": 0}, "missing_lines": [], "excluded_lines": []}}}, "function_app/blob_client.py": {"executed_lines": [1, 7, 8, 9, 11, 12, 13, 19, 28, 31, 34, 35, 36, 37, 38, 41, 55, 65, 66, 67, 74, 84, 85, 88, 99, 100, 107, 108, 122, 123, 125, 126, 128, 133, 136, 137, 153, 154, 157, 158, 178, 184, 186, 192, 195, 196, 215, 216, 219, 220, 231, 232, 234, 235, 236, 237, 238, 239, 240, 243, 244, 255, 256, 259, 260, 274, 275, 282, 283, 300, 309, 312, 313, 314, 315, 316, 319, 321, 324, 341, 350, 353, 355, 358, 373, 380, 381, 397, 400, 401, 402, 403, 404, 406, 407, 409, 415, 418, 419, 433, 434, 436, 437, 438, 446, 449, 460, 461, 463, 464, 465, 467, 473, 480, 492, 495, 502, 505, 520, 535, 547, 549, 552, 553, 554, 555, 556, 558, 559, 560, 563, 565, 566, 567, 570, 573, 574, 577, 578, 580, 581, 582, 589, 606, 607, 608, 611, 618, 624, 626, 629, 644, 645, 646, 649, 656, 662, 664, 671, 682, 683, 684, 685, 691, 692, 693, 694, 699, 707, 725, 727, 728], "summary": {"covered_lines": 171, "num_statements": 183, "percent_covered": 93.44262295081967, "percent_covered_display": "93", "missing_lines": 12, "excluded_lines": 0}, "missing_lines": [71, 517, 532, 579, 584, 585, 586, 687, 688, 696, 697, 729], "excluded_lines": [], "functions": {"_get_blob_service_client": {"executed_lines": [65, 66, 67], "summary": {"covered_lines": 3, "num_statements": 4, "percent_covered": 75.0, "percent_covered_display": "75", "missing_lines": 1, "excluded_lines": 0}, "missing_lines": [71], "excluded_lines": []}, "_get_container_client": {"executed_lines": [84, 85], "summary": {"covered_lines": 2, "num_statements": 2, "percent_covered": 100.0, "percent_covered_display": "100", "missing_lines": 0, "excluded_lines": 0}, "missing_lines": [], "excluded_lines": []}, "_get_blob_client": {"executed_lines": [99, 100], "summary": {"covered_lines": 2, "num_statements": 2, "percent_covered": 100.0, "percent_covered_display": "100", "missing_lines": 0, "excluded_lines": 0}, "missing_lines": [], "excluded_lines": []}, "read_blob_bytes": {"executed_lines": [122, 123, 125, 126, 128, 133], "summary": {"covered_lines": 6, "num_statements": 6, "percent_covered": 100.0, "percent_covered_display": "100", "missing_lines": 0, "excluded_lines": 0}, "missing_lines": [], "excluded_lines": []}, "read_blob_text": {"executed_lines": [153, 154], "summary": {"covered_lines": 2, "num_statements": 2, "percent_covered": 100.0, "percent_covered_display": "100", "missing_lines": 0, "excluded_lines": 0}, "missing_lines": [], "excluded_lines": []}, "write_blob_bytes": {"executed_lines": [178, 184, 186, 192], "summary": {"covered_lines": 4, "num_statements": 4, "percent_covered": 100.0, "percent_covered_display": "100", "missing_lines": 0, "excluded_lines": 0}, "missing_lines": [], "excluded_lines": []}, "write_blob_text": {"executed_lines": [215, 216], "summary": {"covered_lines": 2, "num_statements": 2, "percent_covered": 100.0, "percent_covered_display": "100", "missing_lines": 0, "excluded_lines": 0}, "missing_lines": [], "excluded_lines": []}, "delete_blob": {"executed_lines": [231, 232, 234, 235, 236, 237, 238, 239, 240], "summary": {"covered_lines": 9, "num_statements": 9, "percent_covered": 100.0, "percent_covered_display": "100", "missing_lines": 0, "excluded_lines": 0}, "missing_lines": [], "excluded_lines": []}, "blob_exists": {"executed_lines": [255, 256], "summary": {"covered_lines": 2, "num_statements": 2, "percent_covered": 100.0, "percent_covered_display": "100", "missing_lines": 0, "excluded_lines": 0}, "missing_lines": [], "excluded_lines": []}, "get_blob_properties": {"executed_lines": [274, 275], "summary": {"covered_lines": 2, "num_statements": 2, "percent_covered": 100.0, "percent_covered_display": "100", "missing_lines": 0, "excluded_lines": 0}, "missing_lines": [], "excluded_lines": []}, "copy_blob": {"executed_lines": [300, 309, 312, 313, 314, 315, 316, 319, 321], "summary": {"covered_lines": 9, "num_statements": 9, "percent_covered": 100.0, "percent_covered_display": "100", "missing_lines": 0, "excluded_lines": 0}, "missing_lines": [], "excluded_lines": []}, "move_blob": {"executed_lines": [341, 350, 353, 355], "summary": {"covered_lines": 4, "num_statements": 4, "percent_covered": 100.0, "percent_covered_display": "100", "missing_lines": 0, "excluded_lines": 0}, "missing_lines": [], "excluded_lines": []}, "rename_blob": {"executed_lines": [373], "summary": {"covered_lines": 1, "num_statements": 1, "percent_covered": 100.0, "percent_covered_display": "100", "missing_lines": 0, "excluded_lines": 0}, "missing_lines": [], "excluded_lines": []}, "list_blobs": {"executed_lines": [397, 400, 401, 402, 403, 404, 406, 407, 409, 415], "summary": {"covered_lines": 10, "num_statements": 10, "percent_covered": 100.0, "percent_covered_display": "100", "missing_lines": 0, "excluded_lines": 0}, "missing_lines": [], "excluded_lines": []}, "list_blobs_with_properties": {"executed_lines": [433, 434, 436, 437, 438, 446], "summary": {"covered_lines": 6, "num_statements": 6, "percent_covered": 100.0, "percent_covered_display": "100", "missing_lines": 0, "excluded_lines": 0}, "missing_lines": [], "excluded_lines": []}, "delete_blob_prefix": {"executed_lines": [460, 461, 463, 464, 465, 467, 473], "summary": {"covered_lines": 7, "num_statements": 7, "percent_covered": 100.0, "percent_covered_display": "100", "missing_lines": 0, "excluded_lines": 0}, "missing_lines": [], "excluded_lines": []}, "get_processing_folder_blobs": {"executed_lines": [492, 495, 502], "summary": {"covered_lines": 3, "num_statements": 3, "percent_covered": 100.0, "percent_covered_display": "100", "missing_lines": 0, "excluded_lines": 0}, "missing_lines": [], "excluded_lines": []}, "get_processed_folder_blobs": {"executed_lines": [], "summary": {"covered_lines": 0, "num_statements": 1, "percent_covered": 0.0, "percent_covered_display": "0", "missing_lines": 1, "excluded_lines": 0}, "missing_lines": [517], "excluded_lines": []}, "get_error_folder_blobs": {"executed_lines": [], "summary": {"covered_lines": 0, "num_statements": 1, "percent_covered": 0.0, "percent_covered_display": "0", "missing_lines": 1, "excluded_lines": 0}, "missing_lines": [532], "excluded_lines": []}, "extract_snapshot_date_from_csv": {"executed_lines": [547, 549, 552, 553, 554, 555, 556, 558, 559, 560, 563, 565, 566, 567, 570, 573, 574, 577, 578, 580, 581, 582], "summary": {"covered_lines": 22, "num_statements": 26, "percent_covered": 84.61538461538461, "percent_covered_display": "85", "missing_lines": 4, "excluded_lines": 0}, "missing_lines": [579, 584, 585, 586], "excluded_lines": []}, "move_to_processed": {"executed_lines": [606, 607, 608, 611, 618, 624, 626], "summary": {"covered_lines": 7, "num_statements": 7, "percent_covered": 100.0, "percent_covered_display": "100", "missing_lines": 0, "excluded_lines": 0}, "missing_lines": [], "excluded_lines": []}, "move_to_error": {"executed_lines": [644, 645, 646, 649, 656, 662, 664], "summary": {"covered_lines": 7, "num_statements": 7, "percent_covered": 100.0, "percent_covered_display": "100", "missing_lines": 0, "excluded_lines": 0}, "missing_lines": [], "excluded_lines": []}, "parse_blob_name": {"executed_lines": [682, 683, 684, 685, 691, 692, 693, 694, 699], "summary": {"covered_lines": 9, "num_statements": 13, "percent_covered": 69.23076923076923, "percent_covered_display": "69", "missing_lines": 4, "excluded_lines": 0}, "missing_lines": [687, 688, 696, 697], "excluded_lines": []}, "build_blob_name": {"executed_lines": [725, 727, 728], "summary": {"covered_lines": 3, "num_statements": 4, "percent_covered": 75.0, "percent_covered_display": "75", "missing_lines": 1, "excluded_lines": 0}, "missing_lines": [729], "excluded_lines": []}, "": {"executed_lines": [1, 7, 8, 9, 11, 12, 13, 19, 28, 31, 34, 35, 36, 37, 38, 41, 55, 74, 88, 107, 108, 136, 137, 157, 158, 195, 196, 219, 220, 243, 244, 259, 260, 282, 283, 324, 358, 380, 381, 418, 419, 449, 480, 505, 520, 535, 589, 629, 671, 707], "summary": {"covered_lines": 49, "num_statements": 49, "percent_covered": 100.0, "percent_covered_display": "100", "missing_lines": 0, "excluded_lines": 0}, "missing_lines": [], "excluded_lines": []}}, "classes": {"": {"executed_lines": [1, 7, 8, 9, 11, 12, 13, 19, 28, 31, 34, 35, 36, 37, 38, 41, 55, 65, 66, 67, 74, 84, 85, 88, 99, 100, 107, 108, 122, 123, 125, 126, 128, 133, 136, 137, 153, 154, 157, 158, 178, 184, 186, 192, 195, 196, 215, 216, 219, 220, 231, 232, 234, 235, 236, 237, 238, 239, 240, 243, 244, 255, 256, 259, 260, 274, 275, 282, 283, 300, 309, 312, 313, 314, 315, 316, 319, 321, 324, 341, 350, 353, 355, 358, 373, 380, 381, 397, 400, 401, 402, 403, 404, 406, 407, 409, 415, 418, 419, 433, 434, 436, 437, 438, 446, 449, 460, 461, 463, 464, 465, 467, 473, 480, 492, 495, 502, 505, 520, 535, 547, 549, 552, 553, 554, 555, 556, 558, 559, 560, 563, 565, 566, 567, 570, 573, 574, 577, 578, 580, 581, 582, 589, 606, 607, 608, 611, 618, 624, 626, 629, 644, 645, 646, 649, 656, 662, 664, 671, 682, 683, 684, 685, 691, 692, 693, 694, 699, 707, 725, 727, 728], "summary": {"covered_lines": 171, "num_statements": 183, "percent_covered": 93.44262295081967, "percent_covered_display": "93", "missing_lines": 12, "excluded_lines": 0}, "missing_lines": [71, 517, 532, 579, 584, 585, 586, 687, 688, 696, 697, 729], "excluded_lines": []}}}, "function_app/config.py": {"executed_lines": [1, 6, 7, 9, 10, 12, 13, 15, 16, 17, 23, 24, 33, 41, 48, 53, 60, 65, 72, 77, 78, 79, 80, 81, 83, 84, 89, 90, 91, 93, 94, 95, 96, 97, 98, 99], "summary": {"covered_lines": 34, "num_statements": 38, "percent_covered": 89.47368421052632, "percent_covered_display": "89", "missing_lines": 4, "excluded_lines": 0}, "missing_lines": [18, 20, 103, 105], "excluded_lines": [], "functions": {"Config.validate": {"executed_lines": [72, 77, 78, 79, 80, 81, 83, 84], "summary": {"covered_lines": 8, "num_statements": 8, "percent_covered": 100.0, "percent_covered_display": "100", "missing_lines": 0, "excluded_lines": 0}, "missing_lines": [], "excluded_lines": []}, "": {"executed_lines": [1, 6, 7, 9, 10, 12, 13, 15, 16, 17, 23, 24, 33, 41, 48, 53, 60, 65, 89, 90, 91, 93, 94, 95, 96, 97, 98, 99], "summary": {"covered_lines": 26, "num_statements": 30, "percent_covered": 86.66666666666667, "percent_covered_display": "87", "missing_lines": 4, "excluded_lines": 0}, "missing_lines": [18, 20, 103, 105], "excluded_lines": []}}, "classes": {"Config": {"executed_lines": [72, 77, 78, 79, 80, 81, 83, 84], "summary": {"covered_lines": 8, "num_statements": 8, "percent_covered": 100.0, "percent_covered_display": "100", "missing_lines": 0, "excluded_lines": 0}, "missing_lines": [], "excluded_lines": []}, "": {"executed_lines": [1, 6, 7, 9, 10, 12, 13, 15, 16, 17, 23, 24, 33, 41, 48, 53, 60, 65, 89, 90, 91, 93, 94, 95, 96, 97, 98, 99], "summary": {"covered_lines": 26, "num_statements": 30, "percent_covered": 86.66666666666667, "percent_covered_display": "87", "missing_lines": 4, "excluded_lines": 0}, "missing_lines": [18, 20, 103, 105], "excluded_lines": []}}}, "function_app/csv_validator.py": {"executed_lines": [1, 6, 7, 8, 10, 13, 21, 22, 23, 27, 36, 44, 56, 57, 64, 81, 82, 84, 86, 88, 89, 91, 97, 99, 101, 103, 111, 126, 128, 129, 130, 133, 135, 138, 139, 140, 141, 142, 143, 145, 148, 149, 153, 155, 157, 159, 164, 171, 188, 191, 192, 195, 196, 197, 199, 206, 216, 218, 219, 225, 226, 233, 240, 250, 252, 253, 254, 256, 257, 262, 268, 278, 279, 280, 282, 283, 284, 285, 287, 288, 293, 296, 310, 311, 312, 314, 315, 316, 317, 318, 319, 321, 323, 324, 330, 342, 352, 355, 356, 357, 359, 366, 371, 372, 373, 374, 376, 377, 382, 384, 391, 398, 405, 412, 415, 416, 419, 420, 423, 438, 439, 441, 444, 454, 455, 459, 461, 472, 486, 487, 488, 489, 490, 491, 493, 494, 500, 501, 504, 507, 508, 509, 511], "summary": {"covered_lines": 142, "num_statements": 154, "percent_covered": 92.20779220779221, "percent_covered_display": "92", "missing_lines": 12, "excluded_lines": 0}, "missing_lines": [100, 102, 104, 360, 361, 378, 379, 385, 392, 512, 513, 514], "excluded_lines": [], "functions": {"parse_csv_from_bytes": {"executed_lines": [81, 82, 84, 86, 88, 89, 91, 97, 99, 101, 103], "summary": {"covered_lines": 11, "num_statements": 14, "percent_covered": 78.57142857142857, "percent_covered_display": "79", "missing_lines": 3, "excluded_lines": 0}, "missing_lines": [100, 102, 104], "excluded_lines": []}, "normalize_column_names": {"executed_lines": [126, 128, 129, 130, 133, 135, 138, 139, 140, 141, 142, 143, 145, 148, 149, 153, 155, 157, 159, 164], "summary": {"covered_lines": 20, "num_statements": 20, "percent_covered": 100.0, "percent_covered_display": "100", "missing_lines": 0, "excluded_lines": 0}, "missing_lines": [], "excluded_lines": []}, "validate_csv_schema": {"executed_lines": [188, 191, 192, 195, 196, 197, 199], "summary": {"covered_lines": 7, "num_statements": 7, "percent_covered": 100.0, "percent_covered_display": "100", "missing_lines": 0, "excluded_lines": 0}, "missing_lines": [], "excluded_lines": []}, "validate_column_count": {"executed_lines": [216, 218, 219, 225, 226, 233], "summary": {"covered_lines": 6, "num_statements": 6, "percent_covered": 100.0, "percent_covered_display": "100", "missing_lines": 0, "excluded_lines": 0}, "missing_lines": [], "excluded_lines": []}, "validate_required_columns": {"executed_lines": [250, 252, 253, 254, 256, 257, 262], "summary": {"covered_lines": 7, "num_statements": 7, "percent_covered": 100.0, "percent_covered_display": "100", "missing_lines": 0, "excluded_lines": 0}, "missing_lines": [], "excluded_lines": []}, "validate_no_duplicate_columns": {"executed_lines": [278, 279, 280, 282, 283, 284, 285, 287, 288, 293], "summary": {"covered_lines": 10, "num_statements": 10, "percent_covered": 100.0, "percent_covered_display": "100", "missing_lines": 0, "excluded_lines": 0}, "missing_lines": [], "excluded_lines": []}, "validate_column_patterns": {"executed_lines": [310, 311, 312, 314, 315, 316, 317, 318, 319, 321, 323, 324, 330], "summary": {"covered_lines": 13, "num_statements": 13, "percent_covered": 100.0, "percent_covered_display": "100", "missing_lines": 0, "excluded_lines": 0}, "missing_lines": [], "excluded_lines": []}, "validate_column_types": {"executed_lines": [352, 355, 356, 357, 359, 366, 371, 372, 373, 374, 376, 377, 382, 384, 391, 398], "summary": {"covered_lines": 16, "num_statements": 22, "percent_covered": 72.72727272727273, "percent_covered_display": "73", "missing_lines": 6, "excluded_lines": 0}, "missing_lines": [360, 361, 378, 379, 385, 392], "excluded_lines": []}, "get_expected_columns": {"executed_lines": [412, 415, 416, 419, 420, 423, 438, 439, 441], "summary": {"covered_lines": 9, "num_statements": 9, "percent_covered": 100.0, "percent_covered_display": "100", "missing_lines": 0, "excluded_lines": 0}, "missing_lines": [], "excluded_lines": []}, "get_column_summary": {"executed_lines": [454, 455, 459, 461], "summary": {"covered_lines": 4, "num_statements": 4, "percent_covered": 100.0, "percent_covered_display": "100", "missing_lines": 0, "excluded_lines": 0}, "missing_lines": [], "excluded_lines": []}, "validate_snapshot_date_present": {"executed_lines": [486, 487, 488, 489, 490, 491, 493, 494, 500, 501, 504, 507, 508, 509, 511], "summary": {"covered_lines": 15, "num_statements": 18, "percent_covered": 83.33333333333333, "percent_covered_display": "83", "missing_lines": 3, "excluded_lines": 0}, "missing_lines": [512, 513, 514], "excluded_lines": []}, "": {"executed_lines": [1, 6, 7, 8, 10, 13, 21, 22, 23, 27, 36, 44, 56, 57, 64, 111, 171, 206, 240, 268, 296, 342, 405, 444, 472], "summary": {"covered_lines": 24, "num_statements": 24, "percent_covered": 100.0, "percent_covered_display": "100", "missing_lines": 0, "excluded_lines": 0}, "missing_lines": [], "excluded_lines": []}}, "classes": {"": {"executed_lines": [1, 6, 7, 8, 10, 13, 21, 22, 23, 27, 36, 44, 56, 57, 64, 81, 82, 84, 86, 88, 89, 91, 97, 99, 101, 103, 111, 126, 128, 129, 130, 133, 135, 138, 139, 140, 141, 142, 143, 145, 148, 149, 153, 155, 157, 159, 164, 171, 188, 191, 192, 195, 196, 197, 199, 206, 216, 218, 219, 225, 226, 233, 240, 250, 252, 253, 254, 256, 257, 262, 268, 278, 279, 280, 282, 283, 284, 285, 287, 288, 293, 296, 310, 311, 312, 314, 315, 316, 317, 318, 319, 321, 323, 324, 330, 342, 352, 355, 356, 357, 359, 366, 371, 372, 373, 374, 376, 377, 382, 384, 391, 398, 405, 412, 415, 416, 419, 420, 423, 438, 439, 441, 444, 454, 455, 459, 461, 472, 486, 487, 488, 489, 490, 491, 493, 494, 500, 501, 504, 507, 508, 509, 511], "summary": {"covered_lines": 142, "num_statements": 154, "percent_covered": 92.20779220779221, "percent_covered_display": "92", "missing_lines": 12, "excluded_lines": 0}, "missing_lines": [100, 102, 104, 360, 361, 378, 379, 385, 392, 512, 513, 514], "excluded_lines": []}}}, "function_app/email_client.py": {"executed_lines": [1, 5, 6, 7, 8, 10, 11, 13, 15, 18, 21, 22, 33, 35, 38, 39, 42, 44, 45, 46, 47, 49, 51, 52, 53, 54, 55, 56, 60, 72, 73, 86, 87, 88, 90, 91, 94, 96, 97, 104, 105, 106, 108, 109], "summary": {"covered_lines": 43, "num_statements": 47, "percent_covered": 91.48936170212765, "percent_covered_display": "91", "missing_lines": 4, "excluded_lines": 0}, "missing_lines": [28, 29, 30, 36], "excluded_lines": [], "functions": {"_render_template": {"executed_lines": [35, 38, 39], "summary": {"covered_lines": 3, "num_statements": 4, "percent_covered": 75.0, "percent_covered_display": "75", "missing_lines": 1, "excluded_lines": 0}, "missing_lines": [36], "excluded_lines": []}, "_post_html": {"executed_lines": [44, 45, 46, 47, 49, 51, 52, 53, 54, 55, 56], "summary": {"covered_lines": 11, "num_statements": 11, "percent_covered": 100.0, "percent_covered_display": "100", "missing_lines": 0, "excluded_lines": 0}, "missing_lines": [], "excluded_lines": []}, "send_success_email": {"executed_lines": [72, 73, 86, 87, 88, 90, 91], "summary": {"covered_lines": 7, "num_statements": 7, "percent_covered": 100.0, "percent_covered_display": "100", "missing_lines": 0, "excluded_lines": 0}, "missing_lines": [], "excluded_lines": []}, "send_failure_email": {"executed_lines": [96, 97, 104, 105, 106, 108, 109], "summary": {"covered_lines": 7, "num_statements": 7, "percent_covered": 100.0, "percent_covered_display": "100", "missing_lines": 0, "excluded_lines": 0}, "missing_lines": [], "excluded_lines": []}, "": {"executed_lines": [1, 5, 6, 7, 8, 10, 11, 13, 15, 18, 21, 22, 33, 42, 60, 94], "summary": {"covered_lines": 15, "num_statements": 18, "percent_covered": 83.33333333333333, "percent_covered_display": "83", "missing_lines": 3, "excluded_lines": 0}, "missing_lines": [28, 29, 30], "excluded_lines": []}}, "classes": {"": {"executed_lines": [1, 5, 6, 7, 8, 10, 11, 13, 15, 18, 21, 22, 33, 35, 38, 39, 42, 44, 45, 46, 47, 49, 51, 52, 53, 54, 55, 56, 60, 72, 73, 86, 87, 88, 90, 91, 94, 96, 97, 104, 105, 106, 108, 109], "summary": {"covered_lines": 43, "num_statements": 47, "percent_covered": 91.48936170212765, "percent_covered_display": "91", "missing_lines": 4, "excluded_lines": 0}, "missing_lines": [28, 29, 30, 36], "excluded_lines": []}}}, "function_app/function_app.py": {"executed_lines": [1, 17, 19, 21, 28, 33, 34, 35, 38, 41, 48, 53, 62, 63, 66, 67, 68, 71, 72, 73, 75, 76, 77, 78, 79, 81, 84, 86, 92, 94, 106, 107, 117, 118, 119, 120, 121, 122, 127, 128, 134, 136, 138, 141, 142, 144, 151, 152, 153, 156, 157, 159, 166, 178, 179, 180, 181, 183, 185, 186, 187, 190, 191, 192, 194, 195, 198, 199, 200, 203, 204, 207, 208, 209, 212, 213, 214, 217, 218, 219, 222, 223, 224, 227, 228, 229, 231, 232, 235, 236, 237, 238, 239, 240, 243, 246, 247, 249, 252, 253, 257, 258, 260, 272, 283, 284, 285, 287, 290, 291, 292, 293, 296, 297, 302, 303, 305, 308, 310, 311, 312, 313, 314, 315, 316], "summary": {"covered_lines": 124, "num_statements": 126, "percent_covered": 98.41269841269842, "percent_covered_display": "98", "missing_lines": 2, "excluded_lines": 0}, "missing_lines": [244, 248], "excluded_lines": [], "functions": {"process_churn_csv": {"executed_lines": [62, 63, 66, 67, 68, 71, 72, 73, 75, 76, 77, 78, 79, 81, 84, 86, 92, 94], "summary": {"covered_lines": 18, "num_statements": 18, "percent_covered": 100.0, "percent_covered_display": "100", "missing_lines": 0, "excluded_lines": 0}, "missing_lines": [], "excluded_lines": []}, "score_http": {"executed_lines": [117, 118, 119, 120, 121, 122, 127, 128, 134, 136, 138, 141, 142, 144, 151, 152, 153], "summary": {"covered_lines": 17, "num_statements": 17, "percent_covered": 100.0, "percent_covered_display": "100", "missing_lines": 0, "excluded_lines": 0}, "missing_lines": [], "excluded_lines": []}, "health_check": {"executed_lines": [159], "summary": {"covered_lines": 1, "num_statements": 1, "percent_covered": 100.0, "percent_covered_display": "100", "missing_lines": 0, "excluded_lines": 0}, "missing_lines": [], "excluded_lines": []}, "_run_pipeline": {"executed_lines": [178, 179, 180, 181, 183, 185, 186, 187, 190, 191, 192, 194, 195, 198, 199, 200, 203, 204, 207, 208, 209, 212, 213, 214, 217, 218, 219, 222, 223, 224, 227, 228, 229, 231, 232, 235, 236, 237, 238, 239, 240, 243, 246, 247, 249, 252, 253, 257, 258, 260, 272, 283, 284, 285, 287, 290, 291, 292, 293, 296, 297, 302, 303, 305], "summary": {"covered_lines": 64, "num_statements": 66, "percent_covered": 96.96969696969697, "percent_covered_display": "97", "missing_lines": 2, "excluded_lines": 0}, "missing_lines": [244, 248], "excluded_lines": []}, "_extract_blob_name": {"executed_lines": [310, 311, 312, 313, 314, 315, 316], "summary": {"covered_lines": 7, "num_statements": 7, "percent_covered": 100.0, "percent_covered_display": "100", "missing_lines": 0, "excluded_lines": 0}, "missing_lines": [], "excluded_lines": []}, "": {"executed_lines": [1, 17, 19, 21, 28, 33, 34, 35, 38, 41, 48, 53, 106, 107, 156, 157, 166, 308], "summary": {"covered_lines": 17, "num_statements": 17, "percent_covered": 100.0, "percent_covered_display": "100", "missing_lines": 0, "excluded_lines": 0}, "missing_lines": [], "excluded_lines": []}}, "classes": {"": {"executed_lines": [1, 17, 19, 21, 28, 33, 34, 35, 38, 41, 48, 53, 62, 63, 66, 67, 68, 71, 72, 73, 75, 76, 77, 78, 79, 81, 84, 86, 92, 94, 106, 107, 117, 118, 119, 120, 121, 122, 127, 128, 134, 136, 138, 141, 142, 144, 151, 152, 153, 156, 157, 159, 166, 178, 179, 180, 181, 183, 185, 186, 187, 190, 191, 192, 194, 195, 198, 199, 200, 203, 204, 207, 208, 209, 212, 213, 214, 217, 218, 219, 222, 223, 224, 227, 228, 229, 231, 232, 235, 236, 237, 238, 239, 240, 243, 246, 247, 249, 252, 253, 257, 258, 260, 272, 283, 284, 285, 287, 290, 291, 292, 293, 296, 297, 302, 303, 305, 308, 310, 311, 312, 313, 314, 315, 316], "summary": {"covered_lines": 124, "num_statements": 126, "percent_covered": 98.41269841269842, "percent_covered_display": "98", "missing_lines": 2, "excluded_lines": 0}, "missing_lines": [244, 248], "excluded_lines": []}}}, "function_app/scorer.py": {"executed_lines": [1, 6, 7, 8, 10, 11, 12, 15, 17, 18, 24, 27, 29, 30, 32, 33, 34, 35, 36, 37, 41, 42, 44, 46, 49, 51, 53, 54, 55, 56, 57, 58, 60, 67, 69, 70, 71, 72, 75, 81, 84, 86, 87, 88, 89, 91, 94, 96, 97, 98, 99, 101, 143, 146, 148, 150, 151, 153, 167, 173, 174, 175, 176, 177, 180, 181, 182, 183, 187, 189, 191, 192, 193, 195, 196, 197, 199, 200, 201, 202, 203, 206, 207, 217, 218, 219, 221, 223, 228, 229, 230, 231, 233, 247, 258, 259, 262, 265, 266, 268, 269, 270, 272, 273, 280, 283, 286, 289, 292, 293, 294, 295, 300, 302, 303, 305, 306, 308, 313, 314, 318, 325, 327, 330, 331, 332, 334], "summary": {"covered_lines": 126, "num_statements": 136, "percent_covered": 92.6470588235294, "percent_covered_display": "93", "missing_lines": 10, "excluded_lines": 0}, "missing_lines": [178, 184, 222, 224, 235, 236, 237, 238, 240, 244], "excluded_lines": [], "functions": {"normalize_cols": {"executed_lines": [17, 18, 24], "summary": {"covered_lines": 3, "num_statements": 3, "percent_covered": 100.0, "percent_covered_display": "100", "missing_lines": 0, "excluded_lines": 0}, "missing_lines": [], "excluded_lines": []}, "convert_excel_dates": {"executed_lines": [29, 30, 32, 33, 34, 35, 36, 37, 41, 42, 44, 46], "summary": {"covered_lines": 12, "num_statements": 12, "percent_covered": 100.0, "percent_covered_display": "100", "missing_lines": 0, "excluded_lines": 0}, "missing_lines": [], "excluded_lines": []}, "preprocess": {"executed_lines": [51, 53, 54, 55, 56, 57, 58, 60, 67, 69, 70, 71, 72, 75, 81], "summary": {"covered_lines": 15, "num_statements": 15, "percent_covered": 100.0, "percent_covered_display": "100", "missing_lines": 0, "excluded_lines": 0}, "missing_lines": [], "excluded_lines": []}, "risk_band": {"executed_lines": [86, 87, 88, 89, 91], "summary": {"covered_lines": 5, "num_statements": 5, "percent_covered": 100.0, "percent_covered_display": "100", "missing_lines": 0, "excluded_lines": 0}, "missing_lines": [], "excluded_lines": []}, "feature_phrase": {"executed_lines": [96, 97, 98, 99, 101, 143], "summary": {"covered_lines": 6, "num_statements": 6, "percent_covered": 100.0, "percent_covered_display": "100", "missing_lines": 0, "excluded_lines": 0}, "missing_lines": [], "excluded_lines": []}, "reason_text": {"executed_lines": [148, 150, 151, 153, 167, 173, 174, 175, 176, 177, 180, 181, 182, 183], "summary": {"covered_lines": 14, "num_statements": 16, "percent_covered": 87.5, "percent_covered_display": "88", "missing_lines": 2, "excluded_lines": 0}, "missing_lines": [178, 184], "excluded_lines": []}, "top_reasons": {"executed_lines": [189, 191, 192, 193, 195, 196, 197, 199, 200, 201, 202, 203], "summary": {"covered_lines": 12, "num_statements": 12, "percent_covered": 100.0, "percent_covered_display": "100", "missing_lines": 0, "excluded_lines": 0}, "missing_lines": [], "excluded_lines": []}, "load_model": {"executed_lines": [217, 218, 219, 221, 223, 228, 229, 230, 231, 233], "summary": {"covered_lines": 10, "num_statements": 18, "percent_covered": 55.55555555555556, "percent_covered_display": "56", "missing_lines": 8, "excluded_lines": 0}, "missing_lines": [222, 224, 235, 236, 237, 238, 240, 244], "excluded_lines": []}, "score_customers": {"executed_lines": [258, 259, 262, 265, 266, 268, 269, 270, 272, 273, 280, 283, 286, 289, 292, 293, 294, 295, 300, 302, 303, 305, 306, 308, 313, 314, 318, 325, 327, 330, 331, 332, 334], "summary": {"covered_lines": 33, "num_statements": 33, "percent_covered": 100.0, "percent_covered_display": "100", "missing_lines": 0, "excluded_lines": 0}, "missing_lines": [], "excluded_lines": []}, "": {"executed_lines": [1, 6, 7, 8, 10, 11, 12, 15, 27, 49, 84, 94, 146, 187, 206, 207, 247], "summary": {"covered_lines": 16, "num_statements": 16, "percent_covered": 100.0, "percent_covered_display": "100", "missing_lines": 0, "excluded_lines": 0}, "missing_lines": [], "excluded_lines": []}}, "classes": {"": {"executed_lines": [1, 6, 7, 8, 10, 11, 12, 15, 17, 18, 24, 27, 29, 30, 32, 33, 34, 35, 36, 37, 41, 42, 44, 46, 49, 51, 53, 54, 55, 56, 57, 58, 60, 67, 69, 70, 71, 72, 75, 81, 84, 86, 87, 88, 89, 91, 94, 96, 97, 98, 99, 101, 143, 146, 148, 150, 151, 153, 167, 173, 174, 175, 176, 177, 180, 181, 182, 183, 187, 189, 191, 192, 193, 195, 196, 197, 199, 200, 201, 202, 203, 206, 207, 217, 218, 219, 221, 223, 228, 229, 230, 231, 233, 247, 258, 259, 262, 265, 266, 268, 269, 270, 272, 273, 280, 283, 286, 289, 292, 293, 294, 295, 300, 302, 303, 305, 306, 308, 313, 314, 318, 325, 327, 330, 331, 332, 334], "summary": {"covered_lines": 126, "num_statements": 136, "percent_covered": 92.6470588235294, "percent_covered_display": "93", "missing_lines": 10, "excluded_lines": 0}, "missing_lines": [178, 184, 222, 224, 235, 236, 237, 238, 240, 244], "excluded_lines": []}}}, "function_app/sql_client.py": {"executed_lines": [1, 6, 7, 8, 10, 11, 12, 20, 23, 26, 27, 28, 31, 32, 33, 36, 39, 47, 48, 49, 50, 51, 52, 53, 55, 56, 57, 58, 59, 60, 61, 62, 63, 64, 66, 69, 76, 88, 89, 92, 95, 101, 112, 113, 114, 120, 140, 141, 142, 143, 145, 146, 147, 150, 151, 152, 156, 157, 162, 164, 165, 171, 172, 173, 175, 179, 180, 181, 183, 190, 191, 192, 194, 204, 205, 206, 207, 209, 210, 212, 213, 215, 216, 219, 220, 222, 230, 231, 234, 235, 236, 237, 238, 239, 247, 255, 256, 258, 259, 260, 267, 269, 270, 271, 272, 277, 285, 289, 291, 292, 293], "summary": {"covered_lines": 110, "num_statements": 112, "percent_covered": 98.21428571428571, "percent_covered_display": "98", "missing_lines": 2, "excluded_lines": 0}, "missing_lines": [96, 98], "excluded_lines": [], "functions": {"_parse_connection_string": {"executed_lines": [47, 48, 49, 50, 51, 52, 53, 55, 56, 57, 58, 59, 60, 61, 62, 63, 64, 66], "summary": {"covered_lines": 18, "num_statements": 18, "percent_covered": 100.0, "percent_covered_display": "100", "missing_lines": 0, "excluded_lines": 0}, "missing_lines": [], "excluded_lines": []}, "get_connection": {"executed_lines": [88, 89, 92, 95], "summary": {"covered_lines": 4, "num_statements": 6, "percent_covered": 66.66666666666667, "percent_covered_display": "67", "missing_lines": 2, "excluded_lines": 0}, "missing_lines": [96, 98], "excluded_lines": []}, "_validate_dataframe_schema": {"executed_lines": [112, 113, 114], "summary": {"covered_lines": 3, "num_statements": 3, "percent_covered": 100.0, "percent_covered_display": "100", "missing_lines": 0, "excluded_lines": 0}, "missing_lines": [], "excluded_lines": []}, "insert_churn_scores": {"executed_lines": [140, 141, 142, 143, 145, 146, 147, 150, 151, 152, 156, 157, 162, 164, 165, 171, 172, 173, 175, 179, 180, 181, 183, 190, 191, 192, 194, 204, 205, 206, 207, 209, 210, 212, 213, 215, 216, 219, 220, 222, 230, 231, 234, 235, 236, 237, 238, 239, 247, 255, 256, 258, 259, 260, 267, 269, 270, 271, 272, 277, 285, 289, 291, 292, 293], "summary": {"covered_lines": 65, "num_statements": 65, "percent_covered": 100.0, "percent_covered_display": "100", "missing_lines": 0, "excluded_lines": 0}, "missing_lines": [], "excluded_lines": []}, "": {"executed_lines": [1, 6, 7, 8, 10, 11, 12, 20, 23, 26, 27, 28, 31, 32, 33, 36, 39, 69, 76, 101, 120], "summary": {"covered_lines": 20, "num_statements": 20, "percent_covered": 100.0, "percent_covered_display": "100", "missing_lines": 0, "excluded_lines": 0}, "missing_lines": [], "excluded_lines": []}}, "classes": {"": {"executed_lines": [1, 6, 7, 8, 10, 11, 12, 20, 23, 26, 27, 28, 31, 32, 33, 36, 39, 47, 48, 49, 50, 51, 52, 53, 55, 56, 57, 58, 59, 60, 61, 62, 63, 64, 66, 69, 76, 88, 89, 92, 95, 101, 112, 113, 114, 120, 140, 141, 142, 143, 145, 146, 147, 150, 151, 152, 156, 157, 162, 164, 165, 171, 172, 173, 175, 179, 180, 181, 183, 190, 191, 192, 194, 204, 205, 206, 207, 209, 210, 212, 213, 215, 216, 219, 220, 222, 230, 231, 234, 235, 236, 237, 238, 239, 247, 255, 256, 258, 259, 260, 267, 269, 270, 271, 272, 277, 285, 289, 291, 292, 293], "summary": {"covered_lines": 110, "num_statements": 112, "percent_covered": 98.21428571428571, "percent_covered_display": "98", "missing_lines": 2, "excluded_lines": 0}, "missing_lines": [96, 98], "excluded_lines": []}}}}, "totals": {"covered_lines": 750, "num_statements": 796, "percent_covered": 94.22110552763819, "percent_covered_display": "94", "missing_lines": 46, "excluded_lines": 0}}