{"meta": {"format": 3, "version": "7.10.7", "timestamp": "2026-01-16T15:36:49.190442", "branch_coverage": false, "show_contexts": false}, "files": {"function_app/__init__.py": {"executed_lines": [1], "summary": {"covered_lines": 0, "num_statements": 0, "percent_covered": 100.0, "percent_covered_display": "100", "missing_lines": 0, "excluded_lines": 0}, "missing_lines": [], "excluded_lines": [], "functions": {"": {"executed_lines": [1], "summary": {"covered_lines": 0, "num_statements": 0, "percent_covered": 100.0, "percent_covered_display": "100", "missing_lines": 0, "excluded_lines": 0}, "missing_lines": [], "excluded_lines": []}}, "classes": {"": {"executed_lines": [1], "summary": {"covered_lines": 0, "num_statements": 0, "percent_covered": 100.0, "percent_covered_display": "100", "missing_lines": 0, "excluded_lines": 0}, "missing_lines": [], "excluded_lines": []}}}, "function_app/blob_client.py": {"executed_lines": [1, 7, 8, 9, 11, 12, 13, 19, 28, 31, 34, 35, 36, 37, 38, 41, 55, 65, 66, 71, 74, 88, 99, 107, 108, 122, 123, 125, 126, 128, 133, 136, 137, 153, 154, 157, 158, 178, 184, 186, 192, 195, 196, 219, 220, 231, 232, 234, 235, 236, 237, 238, 239, 240, 243, 244, 255, 256, 259, 260, 274, 282, 283, 300, 309, 312, 313, 315, 324, 341, 350, 353, 355, 358, 380, 381, 397, 400, 401, 403, 406, 407, 409, 415, 418, 419, 449, 480, 492, 495, 502, 505, 520, 535, 589, 606, 607, 608, 611, 618, 624, 626, 629, 644, 645, 646, 649, 656, 662, 664, 671, 682, 683, 684, 685, 691, 692, 693, 694, 699, 707, 725, 727, 728], "summary": {"covered_lines": 123, "num_statements": 183, "percent_covered": 67.21311475409836, "percent_covered_display": "67", "missing_lines": 60, "excluded_lines": 0}, "missing_lines": [67, 84, 85, 100, 215, 216, 275, 314, 316, 319, 321, 373, 402, 404, 433, 434, 436, 437, 438, 446, 460, 461, 463, 464, 465, 467, 473, 517, 532, 547, 549, 552, 553, 554, 555, 556, 558, 559, 560, 563, 565, 566, 567, 570, 573, 574, 577, 578, 579, 580, 581, 582, 584, 585, 586, 687, 688, 696, 697, 729], "excluded_lines": [], "functions": {"_get_blob_service_client": {"executed_lines": [65, 66, 71], "summary": {"covered_lines": 3, "num_statements": 4, "percent_covered": 75.0, "percent_covered_display": "75", "missing_lines": 1, "excluded_lines": 0}, "missing_lines": [67], "excluded_lines": []}, "_get_container_client": {"executed_lines": [], "summary": {"covered_lines": 0, "num_statements": 2, "percent_covered": 0.0, "percent_covered_display": "0", "missing_lines": 2, "excluded_lines": 0}, "missing_lines": [84, 85], "excluded_lines": []}, "_get_blob_client": {"executed_lines": [99], "summary": {"covered_lines": 1, "num_statements": 2, "percent_covered": 50.0, "percent_covered_display": "50", "missing_lines": 1, "excluded_lines": 0}, "missing_lines": [100], "excluded_lines": []}, "read_blob_bytes": {"executed_lines": [122, 123, 125, 126, 128, 133], "summary": {"covered_lines": 6, "num_statements": 6, "percent_covered": 100.0, "percent_covered_display": "100", "missing_lines": 0, "excluded_lines": 0}, "missing_lines": [], "excluded_lines": []}, "read_blob_text": {"executed_lines": [153, 154], "summary": {"covered_lines": 2, "num_statements": 2, "percent_covered": 100.0, "percent_covered_display": "100", "missing_lines": 0, "excluded_lines": 0}, "missing_lines": [], "excluded_lines": []}, "write_blob_bytes": {"executed_lines": [178, 184, 186, 192], "summary": {"covered_lines": 4, "num_statements": 4, "percent_covered": 100.0, "percent_covered_display": "100", "missing_lines": 0, "excluded_lines": 0}, "missing_lines": [], "excluded_lines": []}, "write_blob_text": {"executed_lines": [], "summary": {"covered_lines": 0, "num_statements": 2, "percent_covered": 0.0, "percent_covered_display": "0", "missing_lines": 2, "excluded_lines": 0}, "missing_lines": [215, 216], "excluded_lines": []}, "delete_blob": {"executed_lines": [231, 232, 234, 235, 236, 237, 238, 239, 240], "summary": {"covered_lines": 9, "num_statements": 9, "percent_covered": 100.0, "percent_covered_display": "100", "missing_lines": 0, "excluded_lines": 0}, "missing_lines": [], "excluded_lines": []}, "blob_exists": {"executed_lines": [255, 256], "summary": {"covered_lines": 2, "num_statements": 2, "percent_covered": 100.0, "percent_covered_display": "100", "missing_lines": 0, "excluded_lines": 0}, "missing_lines": [], "excluded_lines": []}, "get_blob_properties": {"executed_lines": [274], "summary": {"covered_lines": 1, "num_statements": 2, "percent_covered": 50.0, "percent_covered_display": "50", "missing_lines": 1, "excluded_lines": 0}, "missing_lines": [275], "excluded_lines": []}, "copy_blob": {"executed_lines": [300, 309, 312, 313, 315], "summary": {"covered_lines": 5, "num_statements": 9, "percent_covered": 55.55555555555556, "percent_covered_display": "56", "missing_lines": 4, "excluded_lines": 0}, "missing_lines": [314, 316, 319, 321], "excluded_lines": []}, "move_blob": {"executed_lines": [341, 350, 353, 355], "summary": {"covered_lines": 4, "num_statements": 4, "percent_covered": 100.0, "percent_covered_display": "100", "missing_lines": 0, "excluded_lines": 0}, "missing_lines": [], "excluded_lines": []}, "rename_blob": {"executed_lines": [], "summary": {"covered_lines": 0, "num_statements": 1, "percent_covered": 0.0, "percent_covered_display": "0", "missing_lines": 1, "excluded_lines": 0}, "missing_lines": [373], "excluded_lines": []}, "list_blobs": {"executed_lines": [397, 400, 401, 403, 406, 407, 409, 415], "summary": {"covered_lines": 8, "num_statements": 10, "percent_covered": 80.0, "percent_covered_display": "80", "missing_lines": 2, "excluded_lines": 0}, "missing_lines": [402, 404], "excluded_lines": []}, "list_blobs_with_properties": {"executed_lines": [], "summary": {"covered_lines": 0, "num_statements": 6, "percent_covered": 0.0, "percent_covered_display": "0", "missing_lines": 6, "excluded_lines": 0}, "missing_lines": [433, 434, 436, 437, 438, 446], "excluded_lines": []}, "delete_blob_prefix": {"executed_lines": [], "summary": {"covered_lines": 0, "num_statements": 7, "percent_covered": 0.0, "percent_covered_display": "0", "missing_lines": 7, "excluded_lines": 0}, "missing_lines": [460, 461, 463, 464, 465, 467, 473], "excluded_lines": []}, "get_processing_folder_blobs": {"executed_lines": [492, 495, 502], "summary": {"covered_lines": 3, "num_statements": 3, "percent_covered": 100.0, "percent_covered_display": "100", "missing_lines": 0, "excluded_lines": 0}, "missing_lines": [], "excluded_lines": []}, "get_processed_folder_blobs": {"executed_lines": [], "summary": {"covered_lines": 0, "num_statements": 1, "percent_covered": 0.0, "percent_covered_display": "0", "missing_lines": 1, "excluded_lines": 0}, "missing_lines": [517], "excluded_lines": []}, "get_error_folder_blobs": {"executed_lines": [], "summary": {"covered_lines": 0, "num_statements": 1, "percent_covered": 0.0, "percent_covered_display": "0", "missing_lines": 1, "excluded_lines": 0}, "missing_lines": [532], "excluded_lines": []}, "extract_snapshot_date_from_csv": {"executed_lines": [], "summary": {"covered_lines": 0, "num_statements": 26, "percent_covered": 0.0, "percent_covered_display": "0", "missing_lines": 26, "excluded_lines": 0}, "missing_lines": [547, 549, 552, 553, 554, 555, 556, 558, 559, 560, 563, 565, 566, 567, 570, 573, 574, 577, 578, 579, 580, 581, 582, 584, 585, 586], "excluded_lines": []}, "move_to_processed": {"executed_lines": [606, 607, 608, 611, 618, 624, 626], "summary": {"covered_lines": 7, "num_statements": 7, "percent_covered": 100.0, "percent_covered_display": "100", "missing_lines": 0, "excluded_lines": 0}, "missing_lines": [], "excluded_lines": []}, "move_to_error": {"executed_lines": [644, 645, 646, 649, 656, 662, 664], "summary": {"covered_lines": 7, "num_statements": 7, "percent_covered": 100.0, "percent_covered_display": "100", "missing_lines": 0, "excluded_lines": 0}, "missing_lines": [], "excluded_lines": []}, "parse_blob_name": {"executed_lines": [682, 683, 684, 685, 691, 692, 693, 694, 699], "summary": {"covered_lines": 9, "num_statements": 13, "percent_covered": 69.23076923076923, "percent_covered_display": "69", "missing_lines": 4, "excluded_lines": 0}, "missing_lines": [687, 688, 696, 697], "excluded_lines": []}, "build_blob_name": {"executed_lines": [725, 727, 728], "summary": {"covered_lines": 3, "num_statements": 4, "percent_covered": 75.0, "percent_covered_display": "75", "missing_lines": 1, "excluded_lines": 0}, "missing_lines": [729], "excluded_lines": []}, "": {"executed_lines": [1, 7, 8, 9, 11, 12, 13, 19, 28, 31, 34, 35, 36, 37, 38, 41, 55, 74, 88, 107, 108, 136, 137, 157, 158, 195, 196, 219, 220, 243, 244, 259, 260, 282, 283, 324, 358, 380, 381, 418, 419, 449, 480, 505, 520, 535, 589, 629, 671, 707], "summary": {"covered_lines": 49, "num_statements": 49, "percent_covered": 100.0, "percent_covered_display": "100", "missing_lines": 0, "excluded_lines": 0}, "missing_lines": [], "excluded_lines": []}}, "classes": {"": {"executed_lines": [1, 7, 8, 9, 11, 12, 13, 19, 28, 31, 34, 35, 36, 37, 38, 41, 55, 65, 66, 71, 74, 88, 99, 107, 108, 122, 123, 125, 126, 128, 133, 136, 137, 153, 154, 157, 158, 178, 184, 186, 192, 195, 196, 219, 220, 231, 232, 234, 235, 236, 237, 238, 239, 240, 243, 244, 255, 256, 259, 260, 274, 282, 283, 300, 309, 312, 313, 315, 324, 341, 350, 353, 355, 358, 380, 381, 397, 400, 401, 403, 406, 407, 409, 415, 418, 419, 449, 480, 492, 495, 502, 505, 520, 535, 589, 606, 607, 608, 611, 618, 624, 626, 629, 644, 645, 646, 649, 656, 662, 664, 671, 682, 683, 684, 685, 691, 692, 693, 694, 699, 707, 725, 727, 728], "summary": {"covered_lines": 123, "num_statements": 183, "percent_covered": 67.21311475409836, "percent_covered_display": "67", "missing_lines": 60, "excluded_lines": 0}, "missing_lines": [67, 84, 85, 100, 215, 216, 275, 314, 316, 319, 321, 373, 402, 404, 433, 434, 436, 437, 438, 446, 460, 461, 463, 464, 465, 467, 473, 517, 532, 547, 549, 552, 553, 554, 555, 556, 558, 559, 560, 563, 565, 566, 567, 570, 573, 574, 577, 578, 579, 580, 581, 582, 584, 585, 586, 687, 688, 696, 697, 729], "excluded_lines": []}}}, "function_app/config.py": {"executed_lines": [1, 6, 7, 8, 9, 11, 12, 14, 15, 16, 22, 23, 32, 40, 47, 52, 59, 64, 71, 76, 77, 78, 79, 82, 88, 89, 90, 92, 93, 94, 95, 96, 97, 98], "summary": {"covered_lines": 32, "num_statements": 38, "percent_covered": 84.21052631578948, "percent_covered_display": "84", "missing_lines": 6, "excluded_lines": 0}, "missing_lines": [17, 19, 80, 83, 102, 104], "excluded_lines": [], "functions": {"Config.validate": {"executed_lines": [71, 76, 77, 78, 79, 82], "summary": {"covered_lines": 6, "num_statements": 8, "percent_covered": 75.0, "percent_covered_display": "75", "missing_lines": 2, "excluded_lines": 0}, "missing_lines": [80, 83], "excluded_lines": []}, "": {"executed_lines": [1, 6, 7, 8, 9, 11, 12, 14, 15, 16, 22, 23, 32, 40, 47, 52, 59, 64, 88, 89, 90, 92, 93, 94, 95, 96, 97, 98], "summary": {"covered_lines": 26, "num_statements": 30, "percent_covered": 86.66666666666667, "percent_covered_display": "87", "missing_lines": 4, "excluded_lines": 0}, "missing_lines": [17, 19, 102, 104], "excluded_lines": []}}, "classes": {"Config": {"executed_lines": [71, 76, 77, 78, 79, 82], "summary": {"covered_lines": 6, "num_statements": 8, "percent_covered": 75.0, "percent_covered_display": "75", "missing_lines": 2, "excluded_lines": 0}, "missing_lines": [80, 83], "excluded_lines": []}, "": {"executed_lines": [1, 6, 7, 8, 9, 11, 12, 14, 15, 16, 22, 23, 32, 40, 47, 52, 59, 64, 88, 89, 90, 92, 93, 94, 95, 96, 97, 98], "summary": {"covered_lines": 26, "num_statements": 30, "percent_covered": 86.66666666666667, "percent_covered_display": "87", "missing_lines": 4, "excluded_lines": 0}, "missing_lines": [17, 19, 102, 104], "excluded_lines": []}}}, "function_app/csv_validator.py": {"executed_lines": [1, 6, 7, 8, 10, 13, 21, 22, 23, 27, 36, 44, 56, 57, 64, 81, 82, 84, 86, 88, 89, 91, 97, 99, 101, 103, 111, 126, 128, 129, 130, 133, 135, 138, 139, 140, 141, 142, 143, 145, 148, 149, 153, 155, 157, 159, 164, 171, 206, 216, 218, 219, 225, 226, 233, 240, 250, 252, 253, 254, 256, 257, 262, 268, 278, 279, 280, 282, 283, 284, 285, 287, 288, 293, 296, 342, 352, 355, 356, 357, 359, 366, 371, 372, 373, 374, 376, 377, 382, 384, 391, 398, 405, 412, 415, 416, 419, 420, 423, 438, 439, 441, 444, 454, 455, 459, 461, 472, 486, 487, 488, 489, 490, 491, 493, 494, 500, 501, 504, 507, 508, 509, 511], "summary": {"covered_lines": 122, "num_statements": 154, "percent_covered": 79.22077922077922, "percent_covered_display": "79", "missing_lines": 32, "excluded_lines": 0}, "missing_lines": [100, 102, 104, 188, 191, 192, 195, 196, 197, 199, 310, 311, 312, 314, 315, 316, 317, 318, 319, 321, 323, 324, 330, 360, 361, 378, 379, 385, 392, 512, 513, 514], "excluded_lines": [], "functions": {"parse_csv_from_bytes": {"executed_lines": [81, 82, 84, 86, 88, 89, 91, 97, 99, 101, 103], "summary": {"covered_lines": 11, "num_statements": 14, "percent_covered": 78.57142857142857, "percent_covered_display": "79", "missing_lines": 3, "excluded_lines": 0}, "missing_lines": [100, 102, 104], "excluded_lines": []}, "normalize_column_names": {"executed_lines": [126, 128, 129, 130, 133, 135, 138, 139, 140, 141, 142, 143, 145, 148, 149, 153, 155, 157, 159, 164], "summary": {"covered_lines": 20, "num_statements": 20, "percent_covered": 100.0, "percent_covered_display": "100", "missing_lines": 0, "excluded_lines": 0}, "missing_lines": [], "excluded_lines": []}, "validate_csv_schema": {"executed_lines": [], "summary": {"covered_lines": 0, "num_statements": 7, "percent_covered": 0.0, "percent_covered_display": "0", "missing_lines": 7, "excluded_lines": 0}, "missing_lines": [188, 191, 192, 195, 196, 197, 199], "excluded_lines": []}, "validate_column_count": {"executed_lines": [216, 218, 219, 225, 226, 233], "summary": {"covered_lines": 6, "num_statements": 6, "percent_covered": 100.0, "percent_covered_display": "100", "missing_lines": 0, "excluded_lines": 0}, "missing_lines": [], "excluded_lines": []}, "validate_required_columns": {"executed_lines": [250, 252, 253, 254, 256, 257, 262], "summary": {"covered_lines": 7, "num_statements": 7, "percent_covered": 100.0, "percent_covered_display": "100", "missing_lines": 0, "excluded_lines": 0}, "missing_lines": [], "excluded_lines": []}, "validate_no_duplicate_columns": {"executed_lines": [278, 279, 280, 282, 283, 284, 285, 287, 288, 293], "summary": {"covered_lines": 10, "num_statements": 10, "percent_covered": 100.0, "percent_covered_display": "100", "missing_lines": 0, "excluded_lines": 0}, "missing_lines": [], "excluded_lines": []}, "validate_column_patterns": {"executed_lines": [], "summary": {"covered_lines": 0, "num_statements": 13, "percent_covered": 0.0, "percent_covered_display": "0", "missing_lines": 13, "excluded_lines": 0}, "missing_lines": [310, 311, 312, 314, 315, 316, 317, 318, 319, 321, 323, 324, 330], "excluded_lines": []}, "validate_column_types": {"executed_lines": [352, 355, 356, 357, 359, 366, 371, 372, 373, 374, 376, 377, 382, 384, 391, 398], "summary": {"covered_lines": 16, "num_statements": 22, "percent_covered": 72.72727272727273, "percent_covered_display": "73", "missing_lines": 6, "excluded_lines": 0}, "missing_lines": [360, 361, 378, 379, 385, 392], "excluded_lines": []}, "get_expected_columns": {"executed_lines": [412, 415, 416, 419, 420, 423, 438, 439, 441], "summary": {"covered_lines": 9, "num_statements": 9, "percent_covered": 100.0, "percent_covered_display": "100", "missing_lines": 0, "excluded_lines": 0}, "missing_lines": [], "excluded_lines": []}, "get_column_summary": {"executed_lines": [454, 455, 459, 461], "summary": {"covered_lines": 4, "num_statements": 4, "percent_covered": 100.0, "percent_covered_display": "100", "missing_lines": 0, "excluded_lines": 0}, "missing_lines": [], "excluded_lines": []}, "validate_snapshot_date_present": {"executed_lines": [486, 487, 488, 489, 490, 491, 493, 494, 500, 501, 504, 507, 508, 509, 511], "summary": {"covered_lines": 15, "num_statements": 18, "percent_covered": 83.33333333333333, "percent_covered_display": "83", "missing_lines": 3, "excluded_lines": 0}, "missing_lines": [512, 513, 514], "excluded_lines": []}, "": {"executed_lines": [1, 6, 7, 8, 10, 13, 21, 22, 23, 27, 36, 44, 56, 57, 64, 111, 171, 206, 240, 268, 296, 342, 405, 444, 472], "summary": {"covered_lines": 24, "num_statements": 24, "percent_covered": 100.0, "percent_covered_display": "100", "missing_lines": 0, "excluded_lines": 0}, "missing_lines": [], "excluded_lines": []}}, "classes": {"": {"executed_lines": [1, 6, 7, 8, 10, 13, 21, 22, 23, 27, 36, 44, 56, 57, 64, 81, 82, 84, 86, 88, 89, 91, 97, 99, 101, 103, 111, 126, 128, 129, 130, 133, 135, 138, 139, 140, 141, 142, 143, 145, 148, 149, 153, 155, 157, 159, 164, 171, 206, 216, 218, 219, 225, 226, 233, 240, 250, 252, 253, 254, 256, 257, 262, 268, 278, 279, 280, 282, 283, 284, 285, 287, 288, 293, 296, 342, 352, 355, 356, 357, 359, 366, 371, 372, 373, 374, 376, 377, 382, 384, 391, 398, 405, 412, 415, 416, 419, 420, 423, 438, 439, 441, 444, 454, 455, 459, 461, 472, 486, 487, 488, 489, 490, 491, 493, 494, 500, 501, 504, 507, 508, 509, 511], "summary": {"covered_lines": 122, "num_statements": 154, "percent_covered": 79.22077922077922, "percent_covered_display": "79", "missing_lines": 32, "excluded_lines": 0}, "missing_lines": [100, 102, 104, 188, 191, 192, 195, 196, 197, 199, 310, 311, 312, 314, 315, 316, 317, 318, 319, 321, 323, 324, 330, 360, 361, 378, 379, 385, 392, 512, 513, 514], "excluded_lines": []}}}, "function_app/email_client.py": {"executed_lines": [1, 5, 6, 7, 8, 9, 10, 12, 14, 17, 20, 21, 32, 34, 37, 38, 41, 43, 44, 45, 46, 48, 50, 51, 52, 53, 54, 55, 59, 71, 72, 85, 86, 87, 89, 90, 93, 95, 96, 103, 104, 105, 107, 108], "summary": {"covered_lines": 43, "num_statements": 47, "percent_covered": 91.48936170212765, "percent_covered_display": "91", "missing_lines": 4, "excluded_lines": 0}, "missing_lines": [27, 28, 29, 35], "excluded_lines": [], "functions": {"_render_template": {"executed_lines": [34, 37, 38], "summary": {"covered_lines": 3, "num_statements": 4, "percent_covered": 75.0, "percent_covered_display": "75", "missing_lines": 1, "excluded_lines": 0}, "missing_lines": [35], "excluded_lines": []}, "_post_html": {"executed_lines": [43, 44, 45, 46, 48, 50, 51, 52, 53, 54, 55], "summary": {"covered_lines": 11, "num_statements": 11, "percent_covered": 100.0, "percent_covered_display": "100", "missing_lines": 0, "excluded_lines": 0}, "missing_lines": [], "excluded_lines": []}, "send_success_email": {"executed_lines": [71, 72, 85, 86, 87, 89, 90], "summary": {"covered_lines": 7, "num_statements": 7, "percent_covered": 100.0, "percent_covered_display": "100", "missing_lines": 0, "excluded_lines": 0}, "missing_lines": [], "excluded_lines": []}, "send_failure_email": {"executed_lines": [95, 96, 103, 104, 105, 107, 108], "summary": {"covered_lines": 7, "num_statements": 7, "percent_covered": 100.0, "percent_covered_display": "100", "missing_lines": 0, "excluded_lines": 0}, "missing_lines": [], "excluded_lines": []}, "": {"executed_lines": [1, 5, 6, 7, 8, 9, 10, 12, 14, 17, 20, 21, 32, 41, 59, 93], "summary": {"covered_lines": 15, "num_statements": 18, "percent_covered": 83.33333333333333, "percent_covered_display": "83", "missing_lines": 3, "excluded_lines": 0}, "missing_lines": [27, 28, 29], "excluded_lines": []}}, "classes": {"": {"executed_lines": [1, 5, 6, 7, 8, 9, 10, 12, 14, 17, 20, 21, 32, 34, 37, 38, 41, 43, 44, 45, 46, 48, 50, 51, 52, 53, 54, 55, 59, 71, 72, 85, 86, 87, 89, 90, 93, 95, 96, 103, 104, 105, 107, 108], "summary": {"covered_lines": 43, "num_statements": 47, "percent_covered": 91.48936170212765, "percent_covered_display": "91", "missing_lines": 4, "excluded_lines": 0}, "missing_lines": [27, 28, 29, 35], "excluded_lines": []}}}, "function_app/function_app.py": {"executed_lines": [1, 17, 18, 20, 27, 32, 33, 34, 37, 40, 47, 52, 61, 62, 65, 66, 67, 70, 71, 72, 74, 75, 76, 77, 78, 80, 83, 85, 105, 106, 116, 117, 118, 119, 120, 121, 126, 127, 133, 135, 137, 140, 141, 143, 150, 151, 152, 155, 156, 158, 165, 177, 178, 179, 180, 182, 184, 185, 186, 189, 190, 191, 193, 194, 197, 198, 199, 202, 203, 206, 207, 208, 211, 212, 213, 216, 217, 218, 221, 222, 223, 226, 227, 228, 234, 235, 236, 237, 238, 239, 242, 245, 246, 248, 251, 252, 256, 257, 259, 271, 282, 283, 284, 286, 289, 290, 295, 296, 304, 307, 309, 310, 311, 312, 313, 314, 315], "summary": {"covered_lines": 116, "num_statements": 126, "percent_covered": 92.06349206349206, "percent_covered_display": "92", "missing_lines": 10, "excluded_lines": 0}, "missing_lines": [91, 93, 230, 231, 243, 247, 291, 292, 301, 302], "excluded_lines": [], "functions": {"process_churn_csv": {"executed_lines": [61, 62, 65, 66, 67, 70, 71, 72, 74, 75, 76, 77, 78, 80, 83, 85], "summary": {"covered_lines": 16, "num_statements": 18, "percent_covered": 88.88888888888889, "percent_covered_display": "89", "missing_lines": 2, "excluded_lines": 0}, "missing_lines": [91, 93], "excluded_lines": []}, "score_http": {"executed_lines": [116, 117, 118, 119, 120, 121, 126, 127, 133, 135, 137, 140, 141, 143, 150, 151, 152], "summary": {"covered_lines": 17, "num_statements": 17, "percent_covered": 100.0, "percent_covered_display": "100", "missing_lines": 0, "excluded_lines": 0}, "missing_lines": [], "excluded_lines": []}, "health_check": {"executed_lines": [158], "summary": {"covered_lines": 1, "num_statements": 1, "percent_covered": 100.0, "percent_covered_display": "100", "missing_lines": 0, "excluded_lines": 0}, "missing_lines": [], "excluded_lines": []}, "_run_pipeline": {"executed_lines": [177, 178, 179, 180, 182, 184, 185, 186, 189, 190, 191, 193, 194, 197, 198, 199, 202, 203, 206, 207, 208, 211, 212, 213, 216, 217, 218, 221, 222, 223, 226, 227, 228, 234, 235, 236, 237, 238, 239, 242, 245, 246, 248, 251, 252, 256, 257, 259, 271, 282, 283, 284, 286, 289, 290, 295, 296, 304], "summary": {"covered_lines": 58, "num_statements": 66, "percent_covered": 87.87878787878788, "percent_covered_display": "88", "missing_lines": 8, "excluded_lines": 0}, "missing_lines": [230, 231, 243, 247, 291, 292, 301, 302], "excluded_lines": []}, "_extract_blob_name": {"executed_lines": [309, 310, 311, 312, 313, 314, 315], "summary": {"covered_lines": 7, "num_statements": 7, "percent_covered": 100.0, "percent_covered_display": "100", "missing_lines": 0, "excluded_lines": 0}, "missing_lines": [], "excluded_lines": []}, "": {"executed_lines": [1, 17, 18, 20, 27, 32, 33, 34, 37, 40, 47, 52, 105, 106, 155, 156, 165, 307], "summary": {"covered_lines": 17, "num_statements": 17, "percent_covered": 100.0, "percent_covered_display": "100", "missing_lines": 0, "excluded_lines": 0}, "missing_lines": [], "excluded_lines": []}}, "classes": {"": {"executed_lines": [1, 17, 18, 20, 27, 32, 33, 34, 37, 40, 47, 52, 61, 62, 65, 66, 67, 70, 71, 72, 74, 75, 76, 77, 78, 80, 83, 85, 105, 106, 116, 117, 118, 119, 120, 121, 126, 127, 133, 135, 137, 140, 141, 143, 150, 151, 152, 155, 156, 158, 165, 177, 178, 179, 180, 182, 184, 185, 186, 189, 190, 191, 193, 194, 197, 198, 199, 202, 203, 206, 207, 208, 211, 212, 213, 216, 217, 218, 221, 222, 223, 226, 227, 228, 234, 235, 236, 237, 238, 239, 242, 245, 246, 248, 251, 252, 256, 257, 259, 271, 282, 283, 284, 286, 289, 290, 295, 296, 304, 307, 309, 310, 311, 312, 313, 314, 315], "summary": {"covered_lines": 116, "num_statements": 126, "percent_covered": 92.06349206349206, "percent_covered_display": "92", "missing_lines": 10, "excluded_lines": 0}, "missing_lines": [91, 93, 230, 231, 243, 247, 291, 292, 301, 302], "excluded_lines": []}}}, "function_app/scorer.py": {"executed_lines": [1, 6, 7, 8, 9, 10, 11, 12, 15, 17, 18, 24, 27, 29, 30, 32, 33, 34, 35, 36, 37, 41, 42, 44, 46, 49, 51, 53, 54, 55, 56, 57, 58, 60, 67, 69, 70, 71, 72, 75, 81, 84, 86, 87, 88, 89, 91, 94, 96, 97, 98, 99, 101, 143, 146, 148, 150, 151, 153, 167, 173, 174, 175, 176, 177, 180, 181, 182, 183, 187, 189, 191, 192, 193, 195, 196, 197, 199, 200, 201, 202, 203, 206, 207, 236], "summary": {"covered_lines": 84, "num_statements": 131, "percent_covered": 64.12213740458016, "percent_covered_display": "64", "missing_lines": 47, "excluded_lines": 0}, "missing_lines": [178, 184, 217, 218, 219, 221, 222, 223, 224, 228, 229, 230, 231, 233, 247, 248, 251, 254, 255, 257, 258, 259, 261, 262, 269, 272, 275, 278, 281, 282, 283, 284, 289, 291, 292, 294, 295, 297, 302, 303, 307, 314, 316, 319, 320, 321, 323], "excluded_lines": [], "functions": {"normalize_cols": {"executed_lines": [17, 18, 24], "summary": {"covered_lines": 3, "num_statements": 3, "percent_covered": 100.0, "percent_covered_display": "100", "missing_lines": 0, "excluded_lines": 0}, "missing_lines": [], "excluded_lines": []}, "convert_excel_dates": {"executed_lines": [29, 30, 32, 33, 34, 35, 36, 37, 41, 42, 44, 46], "summary": {"covered_lines": 12, "num_statements": 12, "percent_covered": 100.0, "percent_covered_display": "100", "missing_lines": 0, "excluded_lines": 0}, "missing_lines": [], "excluded_lines": []}, "preprocess": {"executed_lines": [51, 53, 54, 55, 56, 57, 58, 60, 67, 69, 70, 71, 72, 75, 81], "summary": {"covered_lines": 15, "num_statements": 15, "percent_covered": 100.0, "percent_covered_display": "100", "missing_lines": 0, "excluded_lines": 0}, "missing_lines": [], "excluded_lines": []}, "risk_band": {"executed_lines": [86, 87, 88, 89, 91], "summary": {"covered_lines": 5, "num_statements": 5, "percent_covered": 100.0, "percent_covered_display": "100", "missing_lines": 0, "excluded_lines": 0}, "missing_lines": [], "excluded_lines": []}, "feature_phrase": {"executed_lines": [96, 97, 98, 99, 101, 143], "summary": {"covered_lines": 6, "num_statements": 6, "percent_covered": 100.0, "percent_covered_display": "100", "missing_lines": 0, "excluded_lines": 0}, "missing_lines": [], "excluded_lines": []}, "reason_text": {"executed_lines": [148, 150, 151, 153, 167, 173, 174, 175, 176, 177, 180, 181, 182, 183], "summary": {"covered_lines": 14, "num_statements": 16, "percent_covered": 87.5, "percent_covered_display": "88", "missing_lines": 2, "excluded_lines": 0}, "missing_lines": [178, 184], "excluded_lines": []}, "top_reasons": {"executed_lines": [189, 191, 192, 193, 195, 196, 197, 199, 200, 201, 202, 203], "summary": {"covered_lines": 12, "num_statements": 12, "percent_covered": 100.0, "percent_covered_display": "100", "missing_lines": 0, "excluded_lines": 0}, "missing_lines": [], "excluded_lines": []}, "load_model": {"executed_lines": [], "summary": {"covered_lines": 0, "num_statements": 12, "percent_covered": 0.0, "percent_covered_display": "0", "missing_lines": 12, "excluded_lines": 0}, "missing_lines": [217, 218, 219, 221, 222, 223, 224, 228, 229, 230, 231, 233], "excluded_lines": []}, "score_customers": {"executed_lines": [], "summary": {"covered_lines": 0, "num_statements": 33, "percent_covered": 0.0, "percent_covered_display": "0", "missing_lines": 33, "excluded_lines": 0}, "missing_lines": [247, 248, 251, 254, 255, 257, 258, 259, 261, 262, 269, 272, 275, 278, 281, 282, 283, 284, 289, 291, 292, 294, 295, 297, 302, 303, 307, 314, 316, 319, 320, 321, 323], "excluded_lines": []}, "": {"executed_lines": [1, 6, 7, 8, 9, 10, 11, 12, 15, 27, 49, 84, 94, 146, 187, 206, 207, 236], "summary": {"covered_lines": 17, "num_statements": 17, "percent_covered": 100.0, "percent_covered_display": "100", "missing_lines": 0, "excluded_lines": 0}, "missing_lines": [], "excluded_lines": []}}, "classes": {"": {"executed_lines": [1, 6, 7, 8, 9, 10, 11, 12, 15, 17, 18, 24, 27, 29, 30, 32, 33, 34, 35, 36, 37, 41, 42, 44, 46, 49, 51, 53, 54, 55, 56, 57, 58, 60, 67, 69, 70, 71, 72, 75, 81, 84, 86, 87, 88, 89, 91, 94, 96, 97, 98, 99, 101, 143, 146, 148, 150, 151, 153, 167, 173, 174, 175, 176, 177, 180, 181, 182, 183, 187, 189, 191, 192, 193, 195, 196, 197, 199, 200, 201, 202, 203, 206, 207, 236], "summary": {"covered_lines": 84, "num_statements": 131, "percent_covered": 64.12213740458016, "percent_covered_display": "64", "missing_lines": 47, "excluded_lines": 0}, "missing_lines": [178, 184, 217, 218, 219, 221, 222, 223, 224, 228, 229, 230, 231, 233, 247, 248, 251, 254, 255, 257, 258, 259, 261, 262, 269, 272, 275, 278, 281, 282, 283, 284, 289, 291, 292, 294, 295, 297, 302, 303, 307, 314, 316, 319, 320, 321, 323], "excluded_lines": []}}}, "function_app/sql_client.py": {"executed_lines": [1, 6, 7, 8, 9, 10, 11, 12, 20, 23, 26, 27, 28, 31, 32, 33, 36, 39, 69, 76, 101, 112, 113, 114, 120, 140, 141, 142, 143, 145, 146, 147, 150, 151, 152, 156, 157, 162, 164, 165, 171, 172, 173, 175, 179, 180, 181, 183, 190, 191, 192, 194, 204, 205, 206, 207, 209, 212, 213, 215, 216, 219, 220, 222, 229, 230, 233, 234, 235, 236, 237, 238, 253, 254, 257, 258, 260, 261, 262, 269, 271, 272, 273, 274, 279, 287, 291, 293, 294, 295], "summary": {"covered_lines": 89, "num_statements": 115, "percent_covered": 77.3913043478261, "percent_covered_display": "77", "missing_lines": 26, "excluded_lines": 0}, "missing_lines": [47, 48, 49, 50, 51, 52, 53, 55, 56, 57, 58, 59, 60, 61, 62, 63, 64, 66, 88, 89, 92, 95, 96, 98, 210, 246], "excluded_lines": [], "functions": {"_parse_connection_string": {"executed_lines": [], "summary": {"covered_lines": 0, "num_statements": 18, "percent_covered": 0.0, "percent_covered_display": "0", "missing_lines": 18, "excluded_lines": 0}, "missing_lines": [47, 48, 49, 50, 51, 52, 53, 55, 56, 57, 58, 59, 60, 61, 62, 63, 64, 66], "excluded_lines": []}, "get_connection": {"executed_lines": [], "summary": {"covered_lines": 0, "num_statements": 6, "percent_covered": 0.0, "percent_covered_display": "0", "missing_lines": 6, "excluded_lines": 0}, "missing_lines": [88, 89, 92, 95, 96, 98], "excluded_lines": []}, "_validate_dataframe_schema": {"executed_lines": [112, 113, 114], "summary": {"covered_lines": 3, "num_statements": 3, "percent_covered": 100.0, "percent_covered_display": "100", "missing_lines": 0, "excluded_lines": 0}, "missing_lines": [], "excluded_lines": []}, "insert_churn_scores": {"executed_lines": [140, 141, 142, 143, 145, 146, 147, 150, 151, 152, 156, 157, 162, 164, 165, 171, 172, 173, 175, 179, 180, 181, 183, 190, 191, 192, 194, 204, 205, 206, 207, 209, 212, 213, 215, 216, 219, 220, 222, 229, 230, 233, 234, 235, 236, 237, 238, 253, 254, 257, 258, 260, 261, 262, 269, 271, 272, 273, 274, 279, 287, 291, 293, 294, 295], "summary": {"covered_lines": 65, "num_statements": 67, "percent_covered": 97.01492537313433, "percent_covered_display": "97", "missing_lines": 2, "excluded_lines": 0}, "missing_lines": [210, 246], "excluded_lines": []}, "": {"executed_lines": [1, 6, 7, 8, 9, 10, 11, 12, 20, 23, 26, 27, 28, 31, 32, 33, 36, 39, 69, 76, 101, 120], "summary": {"covered_lines": 21, "num_statements": 21, "percent_covered": 100.0, "percent_covered_display": "100", "missing_lines": 0, "excluded_lines": 0}, "missing_lines": [], "excluded_lines": []}}, "classes": {"": {"executed_lines": [1, 6, 7, 8, 9, 10, 11, 12, 20, 23, 26, 27, 28, 31, 32, 33, 36, 39, 69, 76, 101, 112, 113, 114, 120, 140, 141, 142, 143, 145, 146, 147, 150, 151, 152, 156, 157, 162, 164, 165, 171, 172, 173, 175, 179, 180, 181, 183, 190, 191, 192, 194, 204, 205, 206, 207, 209, 212, 213, 215, 216, 219, 220, 222, 229, 230, 233, 234, 235, 236, 237, 238, 253, 254, 257, 258, 260, 261, 262, 269, 271, 272, 273, 274, 279, 287, 291, 293, 294, 295], "summary": {"covered_lines": 89, "num_statements": 115, "percent_covered": 77.3913043478261, "percent_covered_display": "77", "missing_lines": 26, "excluded_lines": 0}, "missing_lines": [47, 48, 49, 50, 51, 52, 53, 55, 56, 57, 58, 59, 60, 61, 62, 63, 64, 66, 88, 89, 92, 95, 96, 98, 210, 246], "excluded_lines": []}}}}, "totals": {"covered_lines": 609, "num_statements": 794, "percent_covered": 76.70025188916877, "percent_covered_display": "77", "missing_lines": 185, "excluded_lines": 0}}